{"/home/nico/dev/typescript-starter/src/index.ts": {"path":"/home/nico/dev/typescript-starter/src/index.ts","statementMap":{"0":{"start":{"line":1,"column":0},"end":{"line":1,"column":39}},"1":{"start":{"line":3,"column":0},"end":{"line":3,"column":26}}},"fnMap":{},"branchMap":{},"s":{"0":1,"1":1},"f":{},"b":{}}
,"/home/nico/dev/typescript-starter/src/hello-world/hello-world.ts": {"path":"/home/nico/dev/typescript-starter/src/hello-world/hello-world.ts","statementMap":{"0":{"start":{"line":1,"column":19},"end":{"line":3,"column":1}},"1":{"start":{"line":2,"column":2},"end":{"line":2,"column":23}},"2":{"start":{"line":5,"column":0},"end":{"line":5,"column":26}}},"fnMap":{"0":{"name":"(anonymous_0)","decl":{"start":{"line":1,"column":19},"end":{"line":1,"column":22}},"loc":{"start":{"line":1,"column":24},"end":{"line":3,"column":1}}}},"branchMap":{},"s":{"0":2,"1":2,"2":2},"f":{"0":2},"b":{}}
,"/home/nico/dev/typescript-starter/src/hello-world/index.ts": {"path":"/home/nico/dev/typescript-starter/src/hello-world/index.ts","statementMap":{"0":{"start":{"line":1,"column":0},"end":{"line":1,"column":9}},"1":{"start":{"line":1,"column":9},"end":{"line":1,"column":27}}},"fnMap":{"0":{"name":"(anonymous_1)","decl":{"start":{"line":1,"column":9},"end":{"line":1,"column":16}},"loc":{"start":{"line":1,"column":9},"end":{"line":1,"column":27}}}},"branchMap":{},"s":{"0":2,"1":4},"f":{"0":2},"b":{}}
}
